<?xml version="1.0" encoding="UTF-8"?>
<testsuite name="testDAO" tests="1" skipped="0" failures="0" errors="0" timestamp="2017-06-26T09:49:49" hostname="vagrant-ubuntu-trusty-64" time="0.367">
  <properties/>
  <testcase name="testDAOreWrite" classname="testDAO" time="0.367"/>
  <system-out><![CDATA[]]></system-out>
  <system-err><![CDATA[]]></system-err>
</testsuite>
