<?xml version="1.0" encoding="UTF-8"?>
<testsuite name="PingResourceTest" tests="1" skipped="0" failures="0" errors="0" timestamp="2017-06-26T09:49:46" hostname="vagrant-ubuntu-trusty-64" time="2.769">
  <properties/>
  <testcase name="testGetPing" classname="PingResourceTest" time="2.769"/>
  <system-out><![CDATA[]]></system-out>
  <system-err><![CDATA[]]></system-err>
</testsuite>
